The target system is: Linux -  - armv7ahf
The host system is: Linux - 3.19.0-30-generic - x86_64
Compiling the C compiler identification source file "CMakeCCompilerId.c" succeeded.
Compiler: /usr/local/oecore-x86_64_orig/sysroots/x86_64-oesdk-linux/usr/bin/arm-oe-linux-gnueabi/arm-oe-linux-gnueabi-gcc -march=armv7-a;-mthumb-interwork;-mfloat-abi=hard;-mfpu=neon;--sysroot=/usr/local/oecore-x86_64_orig/sysroots/armv7ahf-vfp-neon-oe-linux-gnueabi
Build flags: ;-O2;-pipe;-g;-feliminate-unused-debug-types
Id flags: 

The output was:
0


Compilation of the C compiler identification source "CMakeCCompilerId.c" produced "a.out"

The C compiler identification is GNU, found in "/home/sdruser/tsfree/masternode/build/CMakeFiles/2.8.12.2/CompilerIdC/a.out"

Compiling the CXX compiler identification source file "CMakeCXXCompilerId.cpp" succeeded.
Compiler: /usr/local/oecore-x86_64_orig/sysroots/x86_64-oesdk-linux/usr/bin/arm-oe-linux-gnueabi/arm-oe-linux-gnueabi-g++ -march=armv7-a;-mthumb-interwork;-mfloat-abi=hard;-mfpu=neon;--sysroot=/usr/local/oecore-x86_64_orig/sysroots/armv7ahf-vfp-neon-oe-linux-gnueabi
Build flags: ;-O2;-pipe;-g;-feliminate-unused-debug-types
Id flags: 

The output was:
0


Compilation of the CXX compiler identification source "CMakeCXXCompilerId.cpp" produced "a.out"

The CXX compiler identification is GNU, found in "/home/sdruser/tsfree/masternode/build/CMakeFiles/2.8.12.2/CompilerIdCXX/a.out"

Determining if the C compiler works passed with the following output:
Change Dir: /home/sdruser/tsfree/masternode/build/CMakeFiles/CMakeTmp

Run Build Command:/usr/bin/make "cmTryCompileExec1653260248/fast"
/usr/bin/make -f CMakeFiles/cmTryCompileExec1653260248.dir/build.make CMakeFiles/cmTryCompileExec1653260248.dir/build
make[1]: Entering directory '/home/sdruser/tsfree/masternode/build/CMakeFiles/CMakeTmp'
/usr/local/oecore-x86_64_orig/sysroots/x86_64-oesdk-linux/usr/bin/cmake -E cmake_progress_report /home/sdruser/tsfree/masternode/build/CMakeFiles/CMakeTmp/CMakeFiles 1
Building C object CMakeFiles/cmTryCompileExec1653260248.dir/testCCompiler.c.o
/usr/local/oecore-x86_64_orig/sysroots/x86_64-oesdk-linux/usr/bin/arm-oe-linux-gnueabi/arm-oe-linux-gnueabi-gcc   -march=armv7-a -mthumb-interwork -mfloat-abi=hard -mfpu=neon --sysroot=/usr/local/oecore-x86_64_orig/sysroots/armv7ahf-vfp-neon-oe-linux-gnueabi  -O2 -pipe -g -feliminate-unused-debug-types    -o CMakeFiles/cmTryCompileExec1653260248.dir/testCCompiler.c.o   -c /home/sdruser/tsfree/masternode/build/CMakeFiles/CMakeTmp/testCCompiler.c
Linking C executable cmTryCompileExec1653260248
/usr/local/oecore-x86_64_orig/sysroots/x86_64-oesdk-linux/usr/bin/cmake -E cmake_link_script CMakeFiles/cmTryCompileExec1653260248.dir/link.txt --verbose=1
/usr/local/oecore-x86_64_orig/sysroots/x86_64-oesdk-linux/usr/bin/arm-oe-linux-gnueabi/arm-oe-linux-gnueabi-gcc   -march=armv7-a -mthumb-interwork -mfloat-abi=hard -mfpu=neon --sysroot=/usr/local/oecore-x86_64_orig/sysroots/armv7ahf-vfp-neon-oe-linux-gnueabi  -O2 -pipe -g -feliminate-unused-debug-types    -Wl,-O1 -Wl,--hash-style=gnu -Wl,--as-needed CMakeFiles/cmTryCompileExec1653260248.dir/testCCompiler.c.o  -o cmTryCompileExec1653260248 -rdynamic 
make[1]: Leaving directory '/home/sdruser/tsfree/masternode/build/CMakeFiles/CMakeTmp'


Detecting C compiler ABI info compiled with the following output:
Change Dir: /home/sdruser/tsfree/masternode/build/CMakeFiles/CMakeTmp

Run Build Command:/usr/bin/make "cmTryCompileExec1189968510/fast"
/usr/bin/make -f CMakeFiles/cmTryCompileExec1189968510.dir/build.make CMakeFiles/cmTryCompileExec1189968510.dir/build
make[1]: Entering directory '/home/sdruser/tsfree/masternode/build/CMakeFiles/CMakeTmp'
/usr/local/oecore-x86_64_orig/sysroots/x86_64-oesdk-linux/usr/bin/cmake -E cmake_progress_report /home/sdruser/tsfree/masternode/build/CMakeFiles/CMakeTmp/CMakeFiles 1
Building C object CMakeFiles/cmTryCompileExec1189968510.dir/CMakeCCompilerABI.c.o
/usr/local/oecore-x86_64_orig/sysroots/x86_64-oesdk-linux/usr/bin/arm-oe-linux-gnueabi/arm-oe-linux-gnueabi-gcc   -march=armv7-a -mthumb-interwork -mfloat-abi=hard -mfpu=neon --sysroot=/usr/local/oecore-x86_64_orig/sysroots/armv7ahf-vfp-neon-oe-linux-gnueabi  -O2 -pipe -g -feliminate-unused-debug-types    -o CMakeFiles/cmTryCompileExec1189968510.dir/CMakeCCompilerABI.c.o   -c /usr/local/oecore-x86_64_orig/sysroots/x86_64-oesdk-linux/usr/share/cmake-2.8/Modules/CMakeCCompilerABI.c
Linking C executable cmTryCompileExec1189968510
/usr/local/oecore-x86_64_orig/sysroots/x86_64-oesdk-linux/usr/bin/cmake -E cmake_link_script CMakeFiles/cmTryCompileExec1189968510.dir/link.txt --verbose=1
/usr/local/oecore-x86_64_orig/sysroots/x86_64-oesdk-linux/usr/bin/arm-oe-linux-gnueabi/arm-oe-linux-gnueabi-gcc   -march=armv7-a -mthumb-interwork -mfloat-abi=hard -mfpu=neon --sysroot=/usr/local/oecore-x86_64_orig/sysroots/armv7ahf-vfp-neon-oe-linux-gnueabi  -O2 -pipe -g -feliminate-unused-debug-types   -v CMakeFiles/cmTryCompileExec1189968510.dir/CMakeCCompilerABI.c.o  -o cmTryCompileExec1189968510 -rdynamic  
Using built-in specs.
COLLECT_GCC=/usr/local/oecore-x86_64_orig/sysroots/x86_64-oesdk-linux/usr/bin/arm-oe-linux-gnueabi/arm-oe-linux-gnueabi-gcc
COLLECT_LTO_WRAPPER=/usr/local/oecore-x86_64_orig/sysroots/x86_64-oesdk-linux/usr/bin/arm-oe-linux-gnueabi/../../libexec/arm-oe-linux-gnueabi/gcc/arm-oe-linux-gnueabi/4.9.1/lto-wrapper
Target: arm-oe-linux-gnueabi
Configured with: /home/balister/release-3/build/tmp-glibc/work-shared/gcc-4.9.1-r0/gcc-4.9.1/configure --build=x86_64-linux --host=x86_64-oesdk-linux --target=arm-oe-linux-gnueabi --prefix=/usr/local/oecore-x86_64/sysroots/x86_64-oesdk-linux/usr --exec_prefix=/usr/local/oecore-x86_64/sysroots/x86_64-oesdk-linux/usr --bindir=/usr/local/oecore-x86_64/sysroots/x86_64-oesdk-linux/usr/bin/arm-oe-linux-gnueabi --sbindir=/usr/local/oecore-x86_64/sysroots/x86_64-oesdk-linux/usr/bin/arm-oe-linux-gnueabi --libexecdir=/usr/local/oecore-x86_64/sysroots/x86_64-oesdk-linux/usr/libexec/arm-oe-linux-gnueabi --datadir=/usr/local/oecore-x86_64/sysroots/x86_64-oesdk-linux/usr/share --sysconfdir=/usr/local/oecore-x86_64/sysroots/x86_64-oesdk-linux/etc --sharedstatedir=/usr/local/oecore-x86_64/sysroots/x86_64-oesdk-linux/com --localstatedir=/usr/local/oecore-x86_64/sysroots/x86_64-oesdk-linux/var --libdir=/usr/local/oecore-x86_64/sysroots/x86_64-oesdk-linux/usr/lib/arm-oe-linux-gnueabi --includedir=/usr/local/oecore-x86_64/sysroots/x86_64-oesdk-linux/usr/include --oldincludedir=/usr/local/oecore-x86_64/sysroots/x86_64-oesdk-linux/usr/include --infodir=/usr/local/oecore-x86_64/sysroots/x86_64-oesdk-linux/usr/share/info --mandir=/usr/local/oecore-x86_64/sysroots/x86_64-oesdk-linux/usr/share/man --disable-silent-rules --disable-dependency-tracking --with-libtool-sysroot=/home/balister/release-3/build/tmp-glibc/sysroots/x86_64-nativesdk-oesdk-linux --with-gnu-ld --enable-shared --enable-languages=c,c++ --enable-threads=posix --enable-multilib --enable-c99 --enable-long-long --enable-symvers=gnu --enable-libstdcxx-pch --program-prefix=arm-oe-linux-gnueabi- --without-local-prefix --enable-target-optspace --enable-lto --enable-libssp --disable-bootstrap --disable-libmudflap --with-system-zlib --with-linker-hash-style=gnu --enable-linker-build-id --with-ppl=no --with-cloog=no --enable-checking=release --enable-cheaders=c_global --with-gxx-include-dir=/usr/local/oecore-x86_64/sysroots/armv7ahf-vfp-neon-oe-linux-gnueabi/usr/include/c++/4.9.1 --with-build-time-tools=/home/balister/release-3/build/tmp-glibc/sysroots/x86_64-linux/usr/arm-oe-linux-gnueabi/bin --with-sysroot=/usr/local/oecore-x86_64/sysroots/armv7ahf-vfp-neon-oe-linux-gnueabi --with-build-sysroot=/home/balister/release-3/build/tmp-glibc/sysroots/ettus-e300 --enable-poison-system-directories --with-mpfr=/home/balister/release-3/build/tmp-glibc/sysroots/x86_64-nativesdk-oesdk-linux --with-mpc=/home/balister/release-3/build/tmp-glibc/sysroots/x86_64-nativesdk-oesdk-linux --enable-nls --with-arch=armv7-a
Thread model: posix
gcc version 4.9.1 (GCC) 
COMPILER_PATH=/usr/local/oecore-x86_64_orig/sysroots/x86_64-oesdk-linux/usr/bin/arm-oe-linux-gnueabi/../../libexec/arm-oe-linux-gnueabi/gcc/arm-oe-linux-gnueabi/4.9.1/:/usr/local/oecore-x86_64_orig/sysroots/x86_64-oesdk-linux/usr/bin/arm-oe-linux-gnueabi/../../libexec/arm-oe-linux-gnueabi/gcc/
LIBRARY_PATH=/usr/local/oecore-x86_64_orig/sysroots/x86_64-oesdk-linux/usr/bin/arm-oe-linux-gnueabi/../../lib/arm-oe-linux-gnueabi/gcc/arm-oe-linux-gnueabi/4.9.1/:/usr/local/oecore-x86_64_orig/sysroots/x86_64-oesdk-linux/usr/bin/arm-oe-linux-gnueabi/../../lib/arm-oe-linux-gnueabi/gcc/:/usr/local/oecore-x86_64_orig/sysroots/armv7ahf-vfp-neon-oe-linux-gnueabi/lib/:/usr/local/oecore-x86_64_orig/sysroots/armv7ahf-vfp-neon-oe-linux-gnueabi/usr/lib/arm-oe-linux-gnueabi/4.9.1/:/usr/local/oecore-x86_64_orig/sysroots/armv7ahf-vfp-neon-oe-linux-gnueabi/usr/lib/
COLLECT_GCC_OPTIONS='--sysroot=/usr/local/oecore-x86_64_orig/sysroots/armv7ahf-vfp-neon-oe-linux-gnueabi' '-march=armv7-a' '-mthumb-interwork' '-mfloat-abi=hard' '-mfpu=neon' '-O2' '-pipe' '-g' '-feliminate-unused-debug-types' '-v' '-o' 'cmTryCompileExec1189968510' '-rdynamic' '-mtls-dialect=gnu'
 /usr/local/oecore-x86_64_orig/sysroots/x86_64-oesdk-linux/usr/bin/arm-oe-linux-gnueabi/../../libexec/arm-oe-linux-gnueabi/gcc/arm-oe-linux-gnueabi/4.9.1/collect2 -plugin /usr/local/oecore-x86_64_orig/sysroots/x86_64-oesdk-linux/usr/bin/arm-oe-linux-gnueabi/../../libexec/arm-oe-linux-gnueabi/gcc/arm-oe-linux-gnueabi/4.9.1/liblto_plugin.so -plugin-opt=/usr/local/oecore-x86_64_orig/sysroots/x86_64-oesdk-linux/usr/bin/arm-oe-linux-gnueabi/../../libexec/arm-oe-linux-gnueabi/gcc/arm-oe-linux-gnueabi/4.9.1/lto-wrapper -plugin-opt=-fresolution=/tmp/ccXW6vP5.res -plugin-opt=-pass-through=-lgcc -plugin-opt=-pass-through=-lgcc_s -plugin-opt=-pass-through=-lc -plugin-opt=-pass-through=-lgcc -plugin-opt=-pass-through=-lgcc_s --sysroot=/usr/local/oecore-x86_64_orig/sysroots/armv7ahf-vfp-neon-oe-linux-gnueabi --build-id --eh-frame-hdr --hash-style=gnu -export-dynamic -dynamic-linker /lib/ld-linux-armhf.so.3 -X -m armelf_linux_eabi -o cmTryCompileExec1189968510 /usr/local/oecore-x86_64_orig/sysroots/armv7ahf-vfp-neon-oe-linux-gnueabi/usr/lib/crt1.o /usr/local/oecore-x86_64_orig/sysroots/armv7ahf-vfp-neon-oe-linux-gnueabi/usr/lib/crti.o /usr/local/oecore-x86_64_orig/sysroots/armv7ahf-vfp-neon-oe-linux-gnueabi/usr/lib/arm-oe-linux-gnueabi/4.9.1/crtbegin.o -L/usr/local/oecore-x86_64_orig/sysroots/x86_64-oesdk-linux/usr/bin/arm-oe-linux-gnueabi/../../lib/arm-oe-linux-gnueabi/gcc/arm-oe-linux-gnueabi/4.9.1 -L/usr/local/oecore-x86_64_orig/sysroots/x86_64-oesdk-linux/usr/bin/arm-oe-linux-gnueabi/../../lib/arm-oe-linux-gnueabi/gcc -L/usr/local/oecore-x86_64_orig/sysroots/armv7ahf-vfp-neon-oe-linux-gnueabi/lib -L/usr/local/oecore-x86_64_orig/sysroots/armv7ahf-vfp-neon-oe-linux-gnueabi/usr/lib/arm-oe-linux-gnueabi/4.9.1 -L/usr/local/oecore-x86_64_orig/sysroots/armv7ahf-vfp-neon-oe-linux-gnueabi/usr/lib CMakeFiles/cmTryCompileExec1189968510.dir/CMakeCCompilerABI.c.o -lgcc --as-needed -lgcc_s --no-as-needed -lc -lgcc --as-needed -lgcc_s --no-as-needed /usr/local/oecore-x86_64_orig/sysroots/armv7ahf-vfp-neon-oe-linux-gnueabi/usr/lib/arm-oe-linux-gnueabi/4.9.1/crtend.o /usr/local/oecore-x86_64_orig/sysroots/armv7ahf-vfp-neon-oe-linux-gnueabi/usr/lib/crtn.o
make[1]: Leaving directory '/home/sdruser/tsfree/masternode/build/CMakeFiles/CMakeTmp'


Parsed C implicit link information from above output:
  link line regex: [^( *|.*[/\])(arm-oe-linux-gnueabi-ld|([^/\]+-)?ld|collect2)[^/\]*( |$)]
  ignore line: [Change Dir: /home/sdruser/tsfree/masternode/build/CMakeFiles/CMakeTmp]
  ignore line: []
  ignore line: [Run Build Command:/usr/bin/make "cmTryCompileExec1189968510/fast"]
  ignore line: [/usr/bin/make -f CMakeFiles/cmTryCompileExec1189968510.dir/build.make CMakeFiles/cmTryCompileExec1189968510.dir/build]
  ignore line: [make[1]: Entering directory '/home/sdruser/tsfree/masternode/build/CMakeFiles/CMakeTmp']
  ignore line: [/usr/local/oecore-x86_64_orig/sysroots/x86_64-oesdk-linux/usr/bin/cmake -E cmake_progress_report /home/sdruser/tsfree/masternode/build/CMakeFiles/CMakeTmp/CMakeFiles 1]
  ignore line: [Building C object CMakeFiles/cmTryCompileExec1189968510.dir/CMakeCCompilerABI.c.o]
  ignore line: [/usr/local/oecore-x86_64_orig/sysroots/x86_64-oesdk-linux/usr/bin/arm-oe-linux-gnueabi/arm-oe-linux-gnueabi-gcc   -march=armv7-a -mthumb-interwork -mfloat-abi=hard -mfpu=neon --sysroot=/usr/local/oecore-x86_64_orig/sysroots/armv7ahf-vfp-neon-oe-linux-gnueabi  -O2 -pipe -g -feliminate-unused-debug-types    -o CMakeFiles/cmTryCompileExec1189968510.dir/CMakeCCompilerABI.c.o   -c /usr/local/oecore-x86_64_orig/sysroots/x86_64-oesdk-linux/usr/share/cmake-2.8/Modules/CMakeCCompilerABI.c]
  ignore line: [Linking C executable cmTryCompileExec1189968510]
  ignore line: [/usr/local/oecore-x86_64_orig/sysroots/x86_64-oesdk-linux/usr/bin/cmake -E cmake_link_script CMakeFiles/cmTryCompileExec1189968510.dir/link.txt --verbose=1]
  ignore line: [/usr/local/oecore-x86_64_orig/sysroots/x86_64-oesdk-linux/usr/bin/arm-oe-linux-gnueabi/arm-oe-linux-gnueabi-gcc   -march=armv7-a -mthumb-interwork -mfloat-abi=hard -mfpu=neon --sysroot=/usr/local/oecore-x86_64_orig/sysroots/armv7ahf-vfp-neon-oe-linux-gnueabi  -O2 -pipe -g -feliminate-unused-debug-types   -v CMakeFiles/cmTryCompileExec1189968510.dir/CMakeCCompilerABI.c.o  -o cmTryCompileExec1189968510 -rdynamic  ]
  ignore line: [Using built-in specs.]
  ignore line: [COLLECT_GCC=/usr/local/oecore-x86_64_orig/sysroots/x86_64-oesdk-linux/usr/bin/arm-oe-linux-gnueabi/arm-oe-linux-gnueabi-gcc]
  ignore line: [COLLECT_LTO_WRAPPER=/usr/local/oecore-x86_64_orig/sysroots/x86_64-oesdk-linux/usr/bin/arm-oe-linux-gnueabi/../../libexec/arm-oe-linux-gnueabi/gcc/arm-oe-linux-gnueabi/4.9.1/lto-wrapper]
  ignore line: [Target: arm-oe-linux-gnueabi]
  ignore line: [Configured with: /home/balister/release-3/build/tmp-glibc/work-shared/gcc-4.9.1-r0/gcc-4.9.1/configure --build=x86_64-linux --host=x86_64-oesdk-linux --target=arm-oe-linux-gnueabi --prefix=/usr/local/oecore-x86_64/sysroots/x86_64-oesdk-linux/usr --exec_prefix=/usr/local/oecore-x86_64/sysroots/x86_64-oesdk-linux/usr --bindir=/usr/local/oecore-x86_64/sysroots/x86_64-oesdk-linux/usr/bin/arm-oe-linux-gnueabi --sbindir=/usr/local/oecore-x86_64/sysroots/x86_64-oesdk-linux/usr/bin/arm-oe-linux-gnueabi --libexecdir=/usr/local/oecore-x86_64/sysroots/x86_64-oesdk-linux/usr/libexec/arm-oe-linux-gnueabi --datadir=/usr/local/oecore-x86_64/sysroots/x86_64-oesdk-linux/usr/share --sysconfdir=/usr/local/oecore-x86_64/sysroots/x86_64-oesdk-linux/etc --sharedstatedir=/usr/local/oecore-x86_64/sysroots/x86_64-oesdk-linux/com --localstatedir=/usr/local/oecore-x86_64/sysroots/x86_64-oesdk-linux/var --libdir=/usr/local/oecore-x86_64/sysroots/x86_64-oesdk-linux/usr/lib/arm-oe-linux-gnueabi --includedir=/usr/local/oecore-x86_64/sysroots/x86_64-oesdk-linux/usr/include --oldincludedir=/usr/local/oecore-x86_64/sysroots/x86_64-oesdk-linux/usr/include --infodir=/usr/local/oecore-x86_64/sysroots/x86_64-oesdk-linux/usr/share/info --mandir=/usr/local/oecore-x86_64/sysroots/x86_64-oesdk-linux/usr/share/man --disable-silent-rules --disable-dependency-tracking --with-libtool-sysroot=/home/balister/release-3/build/tmp-glibc/sysroots/x86_64-nativesdk-oesdk-linux --with-gnu-ld --enable-shared --enable-languages=c,c++ --enable-threads=posix --enable-multilib --enable-c99 --enable-long-long --enable-symvers=gnu --enable-libstdcxx-pch --program-prefix=arm-oe-linux-gnueabi- --without-local-prefix --enable-target-optspace --enable-lto --enable-libssp --disable-bootstrap --disable-libmudflap --with-system-zlib --with-linker-hash-style=gnu --enable-linker-build-id --with-ppl=no --with-cloog=no --enable-checking=release --enable-cheaders=c_global --with-gxx-include-dir=/usr/local/oecore-x86_64/sysroots/armv7ahf-vfp-neon-oe-linux-gnueabi/usr/include/c++/4.9.1 --with-build-time-tools=/home/balister/release-3/build/tmp-glibc/sysroots/x86_64-linux/usr/arm-oe-linux-gnueabi/bin --with-sysroot=/usr/local/oecore-x86_64/sysroots/armv7ahf-vfp-neon-oe-linux-gnueabi --with-build-sysroot=/home/balister/release-3/build/tmp-glibc/sysroots/ettus-e300 --enable-poison-system-directories --with-mpfr=/home/balister/release-3/build/tmp-glibc/sysroots/x86_64-nativesdk-oesdk-linux --with-mpc=/home/balister/release-3/build/tmp-glibc/sysroots/x86_64-nativesdk-oesdk-linux --enable-nls --with-arch=armv7-a]
  ignore line: [Thread model: posix]
  ignore line: [gcc version 4.9.1 (GCC) ]
  ignore line: [COMPILER_PATH=/usr/local/oecore-x86_64_orig/sysroots/x86_64-oesdk-linux/usr/bin/arm-oe-linux-gnueabi/../../libexec/arm-oe-linux-gnueabi/gcc/arm-oe-linux-gnueabi/4.9.1/:/usr/local/oecore-x86_64_orig/sysroots/x86_64-oesdk-linux/usr/bin/arm-oe-linux-gnueabi/../../libexec/arm-oe-linux-gnueabi/gcc/]
  ignore line: [LIBRARY_PATH=/usr/local/oecore-x86_64_orig/sysroots/x86_64-oesdk-linux/usr/bin/arm-oe-linux-gnueabi/../../lib/arm-oe-linux-gnueabi/gcc/arm-oe-linux-gnueabi/4.9.1/:/usr/local/oecore-x86_64_orig/sysroots/x86_64-oesdk-linux/usr/bin/arm-oe-linux-gnueabi/../../lib/arm-oe-linux-gnueabi/gcc/:/usr/local/oecore-x86_64_orig/sysroots/armv7ahf-vfp-neon-oe-linux-gnueabi/lib/:/usr/local/oecore-x86_64_orig/sysroots/armv7ahf-vfp-neon-oe-linux-gnueabi/usr/lib/arm-oe-linux-gnueabi/4.9.1/:/usr/local/oecore-x86_64_orig/sysroots/armv7ahf-vfp-neon-oe-linux-gnueabi/usr/lib/]
  ignore line: [COLLECT_GCC_OPTIONS='--sysroot=/usr/local/oecore-x86_64_orig/sysroots/armv7ahf-vfp-neon-oe-linux-gnueabi' '-march=armv7-a' '-mthumb-interwork' '-mfloat-abi=hard' '-mfpu=neon' '-O2' '-pipe' '-g' '-feliminate-unused-debug-types' '-v' '-o' 'cmTryCompileExec1189968510' '-rdynamic' '-mtls-dialect=gnu']
  link line: [ /usr/local/oecore-x86_64_orig/sysroots/x86_64-oesdk-linux/usr/bin/arm-oe-linux-gnueabi/../../libexec/arm-oe-linux-gnueabi/gcc/arm-oe-linux-gnueabi/4.9.1/collect2 -plugin /usr/local/oecore-x86_64_orig/sysroots/x86_64-oesdk-linux/usr/bin/arm-oe-linux-gnueabi/../../libexec/arm-oe-linux-gnueabi/gcc/arm-oe-linux-gnueabi/4.9.1/liblto_plugin.so -plugin-opt=/usr/local/oecore-x86_64_orig/sysroots/x86_64-oesdk-linux/usr/bin/arm-oe-linux-gnueabi/../../libexec/arm-oe-linux-gnueabi/gcc/arm-oe-linux-gnueabi/4.9.1/lto-wrapper -plugin-opt=-fresolution=/tmp/ccXW6vP5.res -plugin-opt=-pass-through=-lgcc -plugin-opt=-pass-through=-lgcc_s -plugin-opt=-pass-through=-lc -plugin-opt=-pass-through=-lgcc -plugin-opt=-pass-through=-lgcc_s --sysroot=/usr/local/oecore-x86_64_orig/sysroots/armv7ahf-vfp-neon-oe-linux-gnueabi --build-id --eh-frame-hdr --hash-style=gnu -export-dynamic -dynamic-linker /lib/ld-linux-armhf.so.3 -X -m armelf_linux_eabi -o cmTryCompileExec1189968510 /usr/local/oecore-x86_64_orig/sysroots/armv7ahf-vfp-neon-oe-linux-gnueabi/usr/lib/crt1.o /usr/local/oecore-x86_64_orig/sysroots/armv7ahf-vfp-neon-oe-linux-gnueabi/usr/lib/crti.o /usr/local/oecore-x86_64_orig/sysroots/armv7ahf-vfp-neon-oe-linux-gnueabi/usr/lib/arm-oe-linux-gnueabi/4.9.1/crtbegin.o -L/usr/local/oecore-x86_64_orig/sysroots/x86_64-oesdk-linux/usr/bin/arm-oe-linux-gnueabi/../../lib/arm-oe-linux-gnueabi/gcc/arm-oe-linux-gnueabi/4.9.1 -L/usr/local/oecore-x86_64_orig/sysroots/x86_64-oesdk-linux/usr/bin/arm-oe-linux-gnueabi/../../lib/arm-oe-linux-gnueabi/gcc -L/usr/local/oecore-x86_64_orig/sysroots/armv7ahf-vfp-neon-oe-linux-gnueabi/lib -L/usr/local/oecore-x86_64_orig/sysroots/armv7ahf-vfp-neon-oe-linux-gnueabi/usr/lib/arm-oe-linux-gnueabi/4.9.1 -L/usr/local/oecore-x86_64_orig/sysroots/armv7ahf-vfp-neon-oe-linux-gnueabi/usr/lib CMakeFiles/cmTryCompileExec1189968510.dir/CMakeCCompilerABI.c.o -lgcc --as-needed -lgcc_s --no-as-needed -lc -lgcc --as-needed -lgcc_s --no-as-needed /usr/local/oecore-x86_64_orig/sysroots/armv7ahf-vfp-neon-oe-linux-gnueabi/usr/lib/arm-oe-linux-gnueabi/4.9.1/crtend.o /usr/local/oecore-x86_64_orig/sysroots/armv7ahf-vfp-neon-oe-linux-gnueabi/usr/lib/crtn.o]
    arg [/usr/local/oecore-x86_64_orig/sysroots/x86_64-oesdk-linux/usr/bin/arm-oe-linux-gnueabi/../../libexec/arm-oe-linux-gnueabi/gcc/arm-oe-linux-gnueabi/4.9.1/collect2] ==> ignore
    arg [-plugin] ==> ignore
    arg [/usr/local/oecore-x86_64_orig/sysroots/x86_64-oesdk-linux/usr/bin/arm-oe-linux-gnueabi/../../libexec/arm-oe-linux-gnueabi/gcc/arm-oe-linux-gnueabi/4.9.1/liblto_plugin.so] ==> ignore
    arg [-plugin-opt=/usr/local/oecore-x86_64_orig/sysroots/x86_64-oesdk-linux/usr/bin/arm-oe-linux-gnueabi/../../libexec/arm-oe-linux-gnueabi/gcc/arm-oe-linux-gnueabi/4.9.1/lto-wrapper] ==> ignore
    arg [-plugin-opt=-fresolution=/tmp/ccXW6vP5.res] ==> ignore
    arg [-plugin-opt=-pass-through=-lgcc] ==> ignore
    arg [-plugin-opt=-pass-through=-lgcc_s] ==> ignore
    arg [-plugin-opt=-pass-through=-lc] ==> ignore
    arg [-plugin-opt=-pass-through=-lgcc] ==> ignore
    arg [-plugin-opt=-pass-through=-lgcc_s] ==> ignore
    arg [--sysroot=/usr/local/oecore-x86_64_orig/sysroots/armv7ahf-vfp-neon-oe-linux-gnueabi] ==> ignore
    arg [--build-id] ==> ignore
    arg [--eh-frame-hdr] ==> ignore
    arg [--hash-style=gnu] ==> ignore
    arg [-export-dynamic] ==> ignore
    arg [-dynamic-linker] ==> ignore
    arg [/lib/ld-linux-armhf.so.3] ==> ignore
    arg [-X] ==> ignore
    arg [-m] ==> ignore
    arg [armelf_linux_eabi] ==> ignore
    arg [-o] ==> ignore
    arg [cmTryCompileExec1189968510] ==> ignore
    arg [/usr/local/oecore-x86_64_orig/sysroots/armv7ahf-vfp-neon-oe-linux-gnueabi/usr/lib/crt1.o] ==> ignore
    arg [/usr/local/oecore-x86_64_orig/sysroots/armv7ahf-vfp-neon-oe-linux-gnueabi/usr/lib/crti.o] ==> ignore
    arg [/usr/local/oecore-x86_64_orig/sysroots/armv7ahf-vfp-neon-oe-linux-gnueabi/usr/lib/arm-oe-linux-gnueabi/4.9.1/crtbegin.o] ==> ignore
    arg [-L/usr/local/oecore-x86_64_orig/sysroots/x86_64-oesdk-linux/usr/bin/arm-oe-linux-gnueabi/../../lib/arm-oe-linux-gnueabi/gcc/arm-oe-linux-gnueabi/4.9.1] ==> dir [/usr/local/oecore-x86_64_orig/sysroots/x86_64-oesdk-linux/usr/bin/arm-oe-linux-gnueabi/../../lib/arm-oe-linux-gnueabi/gcc/arm-oe-linux-gnueabi/4.9.1]
    arg [-L/usr/local/oecore-x86_64_orig/sysroots/x86_64-oesdk-linux/usr/bin/arm-oe-linux-gnueabi/../../lib/arm-oe-linux-gnueabi/gcc] ==> dir [/usr/local/oecore-x86_64_orig/sysroots/x86_64-oesdk-linux/usr/bin/arm-oe-linux-gnueabi/../../lib/arm-oe-linux-gnueabi/gcc]
    arg [-L/usr/local/oecore-x86_64_orig/sysroots/armv7ahf-vfp-neon-oe-linux-gnueabi/lib] ==> dir [/usr/local/oecore-x86_64_orig/sysroots/armv7ahf-vfp-neon-oe-linux-gnueabi/lib]
    arg [-L/usr/local/oecore-x86_64_orig/sysroots/armv7ahf-vfp-neon-oe-linux-gnueabi/usr/lib/arm-oe-linux-gnueabi/4.9.1] ==> dir [/usr/local/oecore-x86_64_orig/sysroots/armv7ahf-vfp-neon-oe-linux-gnueabi/usr/lib/arm-oe-linux-gnueabi/4.9.1]
    arg [-L/usr/local/oecore-x86_64_orig/sysroots/armv7ahf-vfp-neon-oe-linux-gnueabi/usr/lib] ==> dir [/usr/local/oecore-x86_64_orig/sysroots/armv7ahf-vfp-neon-oe-linux-gnueabi/usr/lib]
    arg [CMakeFiles/cmTryCompileExec1189968510.dir/CMakeCCompilerABI.c.o] ==> ignore
    arg [-lgcc] ==> lib [gcc]
    arg [--as-needed] ==> ignore
    arg [-lgcc_s] ==> lib [gcc_s]
    arg [--no-as-needed] ==> ignore
    arg [-lc] ==> lib [c]
    arg [-lgcc] ==> lib [gcc]
    arg [--as-needed] ==> ignore
    arg [-lgcc_s] ==> lib [gcc_s]
    arg [--no-as-needed] ==> ignore
    arg [/usr/local/oecore-x86_64_orig/sysroots/armv7ahf-vfp-neon-oe-linux-gnueabi/usr/lib/arm-oe-linux-gnueabi/4.9.1/crtend.o] ==> ignore
    arg [/usr/local/oecore-x86_64_orig/sysroots/armv7ahf-vfp-neon-oe-linux-gnueabi/usr/lib/crtn.o] ==> ignore
  remove lib [gcc]
  remove lib [gcc_s]
  remove lib [gcc]
  remove lib [gcc_s]
  collapse library dir [/usr/local/oecore-x86_64_orig/sysroots/x86_64-oesdk-linux/usr/bin/arm-oe-linux-gnueabi/../../lib/arm-oe-linux-gnueabi/gcc/arm-oe-linux-gnueabi/4.9.1] ==> [/usr/local/oecore-x86_64_orig/sysroots/x86_64-oesdk-linux/usr/lib/arm-oe-linux-gnueabi/gcc/arm-oe-linux-gnueabi/4.9.1]
  collapse library dir [/usr/local/oecore-x86_64_orig/sysroots/x86_64-oesdk-linux/usr/bin/arm-oe-linux-gnueabi/../../lib/arm-oe-linux-gnueabi/gcc] ==> [/usr/local/oecore-x86_64_orig/sysroots/x86_64-oesdk-linux/usr/lib/arm-oe-linux-gnueabi/gcc]
  collapse library dir [/usr/local/oecore-x86_64_orig/sysroots/armv7ahf-vfp-neon-oe-linux-gnueabi/lib] ==> [/usr/local/oecore-x86_64_orig/sysroots/armv7ahf-vfp-neon-oe-linux-gnueabi/lib]
  collapse library dir [/usr/local/oecore-x86_64_orig/sysroots/armv7ahf-vfp-neon-oe-linux-gnueabi/usr/lib/arm-oe-linux-gnueabi/4.9.1] ==> [/usr/local/oecore-x86_64_orig/sysroots/armv7ahf-vfp-neon-oe-linux-gnueabi/usr/lib/arm-oe-linux-gnueabi/4.9.1]
  collapse library dir [/usr/local/oecore-x86_64_orig/sysroots/armv7ahf-vfp-neon-oe-linux-gnueabi/usr/lib] ==> [/usr/local/oecore-x86_64_orig/sysroots/armv7ahf-vfp-neon-oe-linux-gnueabi/usr/lib]
  implicit libs: [c]
  implicit dirs: [/usr/local/oecore-x86_64_orig/sysroots/x86_64-oesdk-linux/usr/lib/arm-oe-linux-gnueabi/gcc/arm-oe-linux-gnueabi/4.9.1;/usr/local/oecore-x86_64_orig/sysroots/x86_64-oesdk-linux/usr/lib/arm-oe-linux-gnueabi/gcc;/usr/local/oecore-x86_64_orig/sysroots/armv7ahf-vfp-neon-oe-linux-gnueabi/lib;/usr/local/oecore-x86_64_orig/sysroots/armv7ahf-vfp-neon-oe-linux-gnueabi/usr/lib/arm-oe-linux-gnueabi/4.9.1;/usr/local/oecore-x86_64_orig/sysroots/armv7ahf-vfp-neon-oe-linux-gnueabi/usr/lib]
  implicit fwks: []


Determining if the CXX compiler works passed with the following output:
Change Dir: /home/sdruser/tsfree/masternode/build/CMakeFiles/CMakeTmp

Run Build Command:/usr/bin/make "cmTryCompileExec1002795912/fast"
/usr/bin/make -f CMakeFiles/cmTryCompileExec1002795912.dir/build.make CMakeFiles/cmTryCompileExec1002795912.dir/build
make[1]: Entering directory '/home/sdruser/tsfree/masternode/build/CMakeFiles/CMakeTmp'
/usr/local/oecore-x86_64_orig/sysroots/x86_64-oesdk-linux/usr/bin/cmake -E cmake_progress_report /home/sdruser/tsfree/masternode/build/CMakeFiles/CMakeTmp/CMakeFiles 1
Building CXX object CMakeFiles/cmTryCompileExec1002795912.dir/testCXXCompiler.cxx.o
/usr/local/oecore-x86_64_orig/sysroots/x86_64-oesdk-linux/usr/bin/arm-oe-linux-gnueabi/arm-oe-linux-gnueabi-g++   -march=armv7-a -mthumb-interwork -mfloat-abi=hard -mfpu=neon --sysroot=/usr/local/oecore-x86_64_orig/sysroots/armv7ahf-vfp-neon-oe-linux-gnueabi   -O2 -pipe -g -feliminate-unused-debug-types    -o CMakeFiles/cmTryCompileExec1002795912.dir/testCXXCompiler.cxx.o -c /home/sdruser/tsfree/masternode/build/CMakeFiles/CMakeTmp/testCXXCompiler.cxx
Linking CXX executable cmTryCompileExec1002795912
/usr/local/oecore-x86_64_orig/sysroots/x86_64-oesdk-linux/usr/bin/cmake -E cmake_link_script CMakeFiles/cmTryCompileExec1002795912.dir/link.txt --verbose=1
/usr/local/oecore-x86_64_orig/sysroots/x86_64-oesdk-linux/usr/bin/arm-oe-linux-gnueabi/arm-oe-linux-gnueabi-g++   -march=armv7-a -mthumb-interwork -mfloat-abi=hard -mfpu=neon --sysroot=/usr/local/oecore-x86_64_orig/sysroots/armv7ahf-vfp-neon-oe-linux-gnueabi   -O2 -pipe -g -feliminate-unused-debug-types    -Wl,-O1 -Wl,--hash-style=gnu -Wl,--as-needed CMakeFiles/cmTryCompileExec1002795912.dir/testCXXCompiler.cxx.o  -o cmTryCompileExec1002795912 -rdynamic 
make[1]: Leaving directory '/home/sdruser/tsfree/masternode/build/CMakeFiles/CMakeTmp'


Detecting CXX compiler ABI info compiled with the following output:
Change Dir: /home/sdruser/tsfree/masternode/build/CMakeFiles/CMakeTmp

Run Build Command:/usr/bin/make "cmTryCompileExec3186557512/fast"
/usr/bin/make -f CMakeFiles/cmTryCompileExec3186557512.dir/build.make CMakeFiles/cmTryCompileExec3186557512.dir/build
make[1]: Entering directory '/home/sdruser/tsfree/masternode/build/CMakeFiles/CMakeTmp'
/usr/local/oecore-x86_64_orig/sysroots/x86_64-oesdk-linux/usr/bin/cmake -E cmake_progress_report /home/sdruser/tsfree/masternode/build/CMakeFiles/CMakeTmp/CMakeFiles 1
Building CXX object CMakeFiles/cmTryCompileExec3186557512.dir/CMakeCXXCompilerABI.cpp.o
/usr/local/oecore-x86_64_orig/sysroots/x86_64-oesdk-linux/usr/bin/arm-oe-linux-gnueabi/arm-oe-linux-gnueabi-g++   -march=armv7-a -mthumb-interwork -mfloat-abi=hard -mfpu=neon --sysroot=/usr/local/oecore-x86_64_orig/sysroots/armv7ahf-vfp-neon-oe-linux-gnueabi   -O2 -pipe -g -feliminate-unused-debug-types    -o CMakeFiles/cmTryCompileExec3186557512.dir/CMakeCXXCompilerABI.cpp.o -c /usr/local/oecore-x86_64_orig/sysroots/x86_64-oesdk-linux/usr/share/cmake-2.8/Modules/CMakeCXXCompilerABI.cpp
Linking CXX executable cmTryCompileExec3186557512
/usr/local/oecore-x86_64_orig/sysroots/x86_64-oesdk-linux/usr/bin/cmake -E cmake_link_script CMakeFiles/cmTryCompileExec3186557512.dir/link.txt --verbose=1
/usr/local/oecore-x86_64_orig/sysroots/x86_64-oesdk-linux/usr/bin/arm-oe-linux-gnueabi/arm-oe-linux-gnueabi-g++   -march=armv7-a -mthumb-interwork -mfloat-abi=hard -mfpu=neon --sysroot=/usr/local/oecore-x86_64_orig/sysroots/armv7ahf-vfp-neon-oe-linux-gnueabi   -O2 -pipe -g -feliminate-unused-debug-types   -v CMakeFiles/cmTryCompileExec3186557512.dir/CMakeCXXCompilerABI.cpp.o  -o cmTryCompileExec3186557512 -rdynamic  
Using built-in specs.
COLLECT_GCC=/usr/local/oecore-x86_64_orig/sysroots/x86_64-oesdk-linux/usr/bin/arm-oe-linux-gnueabi/arm-oe-linux-gnueabi-g++
COLLECT_LTO_WRAPPER=/usr/local/oecore-x86_64_orig/sysroots/x86_64-oesdk-linux/usr/bin/arm-oe-linux-gnueabi/../../libexec/arm-oe-linux-gnueabi/gcc/arm-oe-linux-gnueabi/4.9.1/lto-wrapper
Target: arm-oe-linux-gnueabi
Configured with: /home/balister/release-3/build/tmp-glibc/work-shared/gcc-4.9.1-r0/gcc-4.9.1/configure --build=x86_64-linux --host=x86_64-oesdk-linux --target=arm-oe-linux-gnueabi --prefix=/usr/local/oecore-x86_64/sysroots/x86_64-oesdk-linux/usr --exec_prefix=/usr/local/oecore-x86_64/sysroots/x86_64-oesdk-linux/usr --bindir=/usr/local/oecore-x86_64/sysroots/x86_64-oesdk-linux/usr/bin/arm-oe-linux-gnueabi --sbindir=/usr/local/oecore-x86_64/sysroots/x86_64-oesdk-linux/usr/bin/arm-oe-linux-gnueabi --libexecdir=/usr/local/oecore-x86_64/sysroots/x86_64-oesdk-linux/usr/libexec/arm-oe-linux-gnueabi --datadir=/usr/local/oecore-x86_64/sysroots/x86_64-oesdk-linux/usr/share --sysconfdir=/usr/local/oecore-x86_64/sysroots/x86_64-oesdk-linux/etc --sharedstatedir=/usr/local/oecore-x86_64/sysroots/x86_64-oesdk-linux/com --localstatedir=/usr/local/oecore-x86_64/sysroots/x86_64-oesdk-linux/var --libdir=/usr/local/oecore-x86_64/sysroots/x86_64-oesdk-linux/usr/lib/arm-oe-linux-gnueabi --includedir=/usr/local/oecore-x86_64/sysroots/x86_64-oesdk-linux/usr/include --oldincludedir=/usr/local/oecore-x86_64/sysroots/x86_64-oesdk-linux/usr/include --infodir=/usr/local/oecore-x86_64/sysroots/x86_64-oesdk-linux/usr/share/info --mandir=/usr/local/oecore-x86_64/sysroots/x86_64-oesdk-linux/usr/share/man --disable-silent-rules --disable-dependency-tracking --with-libtool-sysroot=/home/balister/release-3/build/tmp-glibc/sysroots/x86_64-nativesdk-oesdk-linux --with-gnu-ld --enable-shared --enable-languages=c,c++ --enable-threads=posix --enable-multilib --enable-c99 --enable-long-long --enable-symvers=gnu --enable-libstdcxx-pch --program-prefix=arm-oe-linux-gnueabi- --without-local-prefix --enable-target-optspace --enable-lto --enable-libssp --disable-bootstrap --disable-libmudflap --with-system-zlib --with-linker-hash-style=gnu --enable-linker-build-id --with-ppl=no --with-cloog=no --enable-checking=release --enable-cheaders=c_global --with-gxx-include-dir=/usr/local/oecore-x86_64/sysroots/armv7ahf-vfp-neon-oe-linux-gnueabi/usr/include/c++/4.9.1 --with-build-time-tools=/home/balister/release-3/build/tmp-glibc/sysroots/x86_64-linux/usr/arm-oe-linux-gnueabi/bin --with-sysroot=/usr/local/oecore-x86_64/sysroots/armv7ahf-vfp-neon-oe-linux-gnueabi --with-build-sysroot=/home/balister/release-3/build/tmp-glibc/sysroots/ettus-e300 --enable-poison-system-directories --with-mpfr=/home/balister/release-3/build/tmp-glibc/sysroots/x86_64-nativesdk-oesdk-linux --with-mpc=/home/balister/release-3/build/tmp-glibc/sysroots/x86_64-nativesdk-oesdk-linux --enable-nls --with-arch=armv7-a
Thread model: posix
gcc version 4.9.1 (GCC) 
COMPILER_PATH=/usr/local/oecore-x86_64_orig/sysroots/x86_64-oesdk-linux/usr/bin/arm-oe-linux-gnueabi/../../libexec/arm-oe-linux-gnueabi/gcc/arm-oe-linux-gnueabi/4.9.1/:/usr/local/oecore-x86_64_orig/sysroots/x86_64-oesdk-linux/usr/bin/arm-oe-linux-gnueabi/../../libexec/arm-oe-linux-gnueabi/gcc/
LIBRARY_PATH=/usr/local/oecore-x86_64_orig/sysroots/x86_64-oesdk-linux/usr/bin/arm-oe-linux-gnueabi/../../lib/arm-oe-linux-gnueabi/gcc/arm-oe-linux-gnueabi/4.9.1/:/usr/local/oecore-x86_64_orig/sysroots/x86_64-oesdk-linux/usr/bin/arm-oe-linux-gnueabi/../../lib/arm-oe-linux-gnueabi/gcc/:/usr/local/oecore-x86_64_orig/sysroots/armv7ahf-vfp-neon-oe-linux-gnueabi/lib/:/usr/local/oecore-x86_64_orig/sysroots/armv7ahf-vfp-neon-oe-linux-gnueabi/usr/lib/arm-oe-linux-gnueabi/4.9.1/:/usr/local/oecore-x86_64_orig/sysroots/armv7ahf-vfp-neon-oe-linux-gnueabi/usr/lib/
COLLECT_GCC_OPTIONS='--sysroot=/usr/local/oecore-x86_64_orig/sysroots/armv7ahf-vfp-neon-oe-linux-gnueabi' '-march=armv7-a' '-mthumb-interwork' '-mfloat-abi=hard' '-mfpu=neon' '-O2' '-pipe' '-g' '-feliminate-unused-debug-types' '-v' '-o' 'cmTryCompileExec3186557512' '-rdynamic' '-shared-libgcc' '-mtls-dialect=gnu'
 /usr/local/oecore-x86_64_orig/sysroots/x86_64-oesdk-linux/usr/bin/arm-oe-linux-gnueabi/../../libexec/arm-oe-linux-gnueabi/gcc/arm-oe-linux-gnueabi/4.9.1/collect2 -plugin /usr/local/oecore-x86_64_orig/sysroots/x86_64-oesdk-linux/usr/bin/arm-oe-linux-gnueabi/../../libexec/arm-oe-linux-gnueabi/gcc/arm-oe-linux-gnueabi/4.9.1/liblto_plugin.so -plugin-opt=/usr/local/oecore-x86_64_orig/sysroots/x86_64-oesdk-linux/usr/bin/arm-oe-linux-gnueabi/../../libexec/arm-oe-linux-gnueabi/gcc/arm-oe-linux-gnueabi/4.9.1/lto-wrapper -plugin-opt=-fresolution=/tmp/ccfHhcYh.res -plugin-opt=-pass-through=-lgcc_s -plugin-opt=-pass-through=-lgcc -plugin-opt=-pass-through=-lc -plugin-opt=-pass-through=-lgcc_s -plugin-opt=-pass-through=-lgcc --sysroot=/usr/local/oecore-x86_64_orig/sysroots/armv7ahf-vfp-neon-oe-linux-gnueabi --build-id --eh-frame-hdr --hash-style=gnu -export-dynamic -dynamic-linker /lib/ld-linux-armhf.so.3 -X -m armelf_linux_eabi -o cmTryCompileExec3186557512 /usr/local/oecore-x86_64_orig/sysroots/armv7ahf-vfp-neon-oe-linux-gnueabi/usr/lib/crt1.o /usr/local/oecore-x86_64_orig/sysroots/armv7ahf-vfp-neon-oe-linux-gnueabi/usr/lib/crti.o /usr/local/oecore-x86_64_orig/sysroots/armv7ahf-vfp-neon-oe-linux-gnueabi/usr/lib/arm-oe-linux-gnueabi/4.9.1/crtbegin.o -L/usr/local/oecore-x86_64_orig/sysroots/x86_64-oesdk-linux/usr/bin/arm-oe-linux-gnueabi/../../lib/arm-oe-linux-gnueabi/gcc/arm-oe-linux-gnueabi/4.9.1 -L/usr/local/oecore-x86_64_orig/sysroots/x86_64-oesdk-linux/usr/bin/arm-oe-linux-gnueabi/../../lib/arm-oe-linux-gnueabi/gcc -L/usr/local/oecore-x86_64_orig/sysroots/armv7ahf-vfp-neon-oe-linux-gnueabi/lib -L/usr/local/oecore-x86_64_orig/sysroots/armv7ahf-vfp-neon-oe-linux-gnueabi/usr/lib/arm-oe-linux-gnueabi/4.9.1 -L/usr/local/oecore-x86_64_orig/sysroots/armv7ahf-vfp-neon-oe-linux-gnueabi/usr/lib CMakeFiles/cmTryCompileExec3186557512.dir/CMakeCXXCompilerABI.cpp.o -lstdc++ -lm -lgcc_s -lgcc -lc -lgcc_s -lgcc /usr/local/oecore-x86_64_orig/sysroots/armv7ahf-vfp-neon-oe-linux-gnueabi/usr/lib/arm-oe-linux-gnueabi/4.9.1/crtend.o /usr/local/oecore-x86_64_orig/sysroots/armv7ahf-vfp-neon-oe-linux-gnueabi/usr/lib/crtn.o
make[1]: Leaving directory '/home/sdruser/tsfree/masternode/build/CMakeFiles/CMakeTmp'


Parsed CXX implicit link information from above output:
  link line regex: [^( *|.*[/\])(arm-oe-linux-gnueabi-ld|([^/\]+-)?ld|collect2)[^/\]*( |$)]
  ignore line: [Change Dir: /home/sdruser/tsfree/masternode/build/CMakeFiles/CMakeTmp]
  ignore line: []
  ignore line: [Run Build Command:/usr/bin/make "cmTryCompileExec3186557512/fast"]
  ignore line: [/usr/bin/make -f CMakeFiles/cmTryCompileExec3186557512.dir/build.make CMakeFiles/cmTryCompileExec3186557512.dir/build]
  ignore line: [make[1]: Entering directory '/home/sdruser/tsfree/masternode/build/CMakeFiles/CMakeTmp']
  ignore line: [/usr/local/oecore-x86_64_orig/sysroots/x86_64-oesdk-linux/usr/bin/cmake -E cmake_progress_report /home/sdruser/tsfree/masternode/build/CMakeFiles/CMakeTmp/CMakeFiles 1]
  ignore line: [Building CXX object CMakeFiles/cmTryCompileExec3186557512.dir/CMakeCXXCompilerABI.cpp.o]
  ignore line: [/usr/local/oecore-x86_64_orig/sysroots/x86_64-oesdk-linux/usr/bin/arm-oe-linux-gnueabi/arm-oe-linux-gnueabi-g++   -march=armv7-a -mthumb-interwork -mfloat-abi=hard -mfpu=neon --sysroot=/usr/local/oecore-x86_64_orig/sysroots/armv7ahf-vfp-neon-oe-linux-gnueabi   -O2 -pipe -g -feliminate-unused-debug-types    -o CMakeFiles/cmTryCompileExec3186557512.dir/CMakeCXXCompilerABI.cpp.o -c /usr/local/oecore-x86_64_orig/sysroots/x86_64-oesdk-linux/usr/share/cmake-2.8/Modules/CMakeCXXCompilerABI.cpp]
  ignore line: [Linking CXX executable cmTryCompileExec3186557512]
  ignore line: [/usr/local/oecore-x86_64_orig/sysroots/x86_64-oesdk-linux/usr/bin/cmake -E cmake_link_script CMakeFiles/cmTryCompileExec3186557512.dir/link.txt --verbose=1]
  ignore line: [/usr/local/oecore-x86_64_orig/sysroots/x86_64-oesdk-linux/usr/bin/arm-oe-linux-gnueabi/arm-oe-linux-gnueabi-g++   -march=armv7-a -mthumb-interwork -mfloat-abi=hard -mfpu=neon --sysroot=/usr/local/oecore-x86_64_orig/sysroots/armv7ahf-vfp-neon-oe-linux-gnueabi   -O2 -pipe -g -feliminate-unused-debug-types   -v CMakeFiles/cmTryCompileExec3186557512.dir/CMakeCXXCompilerABI.cpp.o  -o cmTryCompileExec3186557512 -rdynamic  ]
  ignore line: [Using built-in specs.]
  ignore line: [COLLECT_GCC=/usr/local/oecore-x86_64_orig/sysroots/x86_64-oesdk-linux/usr/bin/arm-oe-linux-gnueabi/arm-oe-linux-gnueabi-g++]
  ignore line: [COLLECT_LTO_WRAPPER=/usr/local/oecore-x86_64_orig/sysroots/x86_64-oesdk-linux/usr/bin/arm-oe-linux-gnueabi/../../libexec/arm-oe-linux-gnueabi/gcc/arm-oe-linux-gnueabi/4.9.1/lto-wrapper]
  ignore line: [Target: arm-oe-linux-gnueabi]
  ignore line: [Configured with: /home/balister/release-3/build/tmp-glibc/work-shared/gcc-4.9.1-r0/gcc-4.9.1/configure --build=x86_64-linux --host=x86_64-oesdk-linux --target=arm-oe-linux-gnueabi --prefix=/usr/local/oecore-x86_64/sysroots/x86_64-oesdk-linux/usr --exec_prefix=/usr/local/oecore-x86_64/sysroots/x86_64-oesdk-linux/usr --bindir=/usr/local/oecore-x86_64/sysroots/x86_64-oesdk-linux/usr/bin/arm-oe-linux-gnueabi --sbindir=/usr/local/oecore-x86_64/sysroots/x86_64-oesdk-linux/usr/bin/arm-oe-linux-gnueabi --libexecdir=/usr/local/oecore-x86_64/sysroots/x86_64-oesdk-linux/usr/libexec/arm-oe-linux-gnueabi --datadir=/usr/local/oecore-x86_64/sysroots/x86_64-oesdk-linux/usr/share --sysconfdir=/usr/local/oecore-x86_64/sysroots/x86_64-oesdk-linux/etc --sharedstatedir=/usr/local/oecore-x86_64/sysroots/x86_64-oesdk-linux/com --localstatedir=/usr/local/oecore-x86_64/sysroots/x86_64-oesdk-linux/var --libdir=/usr/local/oecore-x86_64/sysroots/x86_64-oesdk-linux/usr/lib/arm-oe-linux-gnueabi --includedir=/usr/local/oecore-x86_64/sysroots/x86_64-oesdk-linux/usr/include --oldincludedir=/usr/local/oecore-x86_64/sysroots/x86_64-oesdk-linux/usr/include --infodir=/usr/local/oecore-x86_64/sysroots/x86_64-oesdk-linux/usr/share/info --mandir=/usr/local/oecore-x86_64/sysroots/x86_64-oesdk-linux/usr/share/man --disable-silent-rules --disable-dependency-tracking --with-libtool-sysroot=/home/balister/release-3/build/tmp-glibc/sysroots/x86_64-nativesdk-oesdk-linux --with-gnu-ld --enable-shared --enable-languages=c,c++ --enable-threads=posix --enable-multilib --enable-c99 --enable-long-long --enable-symvers=gnu --enable-libstdcxx-pch --program-prefix=arm-oe-linux-gnueabi- --without-local-prefix --enable-target-optspace --enable-lto --enable-libssp --disable-bootstrap --disable-libmudflap --with-system-zlib --with-linker-hash-style=gnu --enable-linker-build-id --with-ppl=no --with-cloog=no --enable-checking=release --enable-cheaders=c_global --with-gxx-include-dir=/usr/local/oecore-x86_64/sysroots/armv7ahf-vfp-neon-oe-linux-gnueabi/usr/include/c++/4.9.1 --with-build-time-tools=/home/balister/release-3/build/tmp-glibc/sysroots/x86_64-linux/usr/arm-oe-linux-gnueabi/bin --with-sysroot=/usr/local/oecore-x86_64/sysroots/armv7ahf-vfp-neon-oe-linux-gnueabi --with-build-sysroot=/home/balister/release-3/build/tmp-glibc/sysroots/ettus-e300 --enable-poison-system-directories --with-mpfr=/home/balister/release-3/build/tmp-glibc/sysroots/x86_64-nativesdk-oesdk-linux --with-mpc=/home/balister/release-3/build/tmp-glibc/sysroots/x86_64-nativesdk-oesdk-linux --enable-nls --with-arch=armv7-a]
  ignore line: [Thread model: posix]
  ignore line: [gcc version 4.9.1 (GCC) ]
  ignore line: [COMPILER_PATH=/usr/local/oecore-x86_64_orig/sysroots/x86_64-oesdk-linux/usr/bin/arm-oe-linux-gnueabi/../../libexec/arm-oe-linux-gnueabi/gcc/arm-oe-linux-gnueabi/4.9.1/:/usr/local/oecore-x86_64_orig/sysroots/x86_64-oesdk-linux/usr/bin/arm-oe-linux-gnueabi/../../libexec/arm-oe-linux-gnueabi/gcc/]
  ignore line: [LIBRARY_PATH=/usr/local/oecore-x86_64_orig/sysroots/x86_64-oesdk-linux/usr/bin/arm-oe-linux-gnueabi/../../lib/arm-oe-linux-gnueabi/gcc/arm-oe-linux-gnueabi/4.9.1/:/usr/local/oecore-x86_64_orig/sysroots/x86_64-oesdk-linux/usr/bin/arm-oe-linux-gnueabi/../../lib/arm-oe-linux-gnueabi/gcc/:/usr/local/oecore-x86_64_orig/sysroots/armv7ahf-vfp-neon-oe-linux-gnueabi/lib/:/usr/local/oecore-x86_64_orig/sysroots/armv7ahf-vfp-neon-oe-linux-gnueabi/usr/lib/arm-oe-linux-gnueabi/4.9.1/:/usr/local/oecore-x86_64_orig/sysroots/armv7ahf-vfp-neon-oe-linux-gnueabi/usr/lib/]
  ignore line: [COLLECT_GCC_OPTIONS='--sysroot=/usr/local/oecore-x86_64_orig/sysroots/armv7ahf-vfp-neon-oe-linux-gnueabi' '-march=armv7-a' '-mthumb-interwork' '-mfloat-abi=hard' '-mfpu=neon' '-O2' '-pipe' '-g' '-feliminate-unused-debug-types' '-v' '-o' 'cmTryCompileExec3186557512' '-rdynamic' '-shared-libgcc' '-mtls-dialect=gnu']
  link line: [ /usr/local/oecore-x86_64_orig/sysroots/x86_64-oesdk-linux/usr/bin/arm-oe-linux-gnueabi/../../libexec/arm-oe-linux-gnueabi/gcc/arm-oe-linux-gnueabi/4.9.1/collect2 -plugin /usr/local/oecore-x86_64_orig/sysroots/x86_64-oesdk-linux/usr/bin/arm-oe-linux-gnueabi/../../libexec/arm-oe-linux-gnueabi/gcc/arm-oe-linux-gnueabi/4.9.1/liblto_plugin.so -plugin-opt=/usr/local/oecore-x86_64_orig/sysroots/x86_64-oesdk-linux/usr/bin/arm-oe-linux-gnueabi/../../libexec/arm-oe-linux-gnueabi/gcc/arm-oe-linux-gnueabi/4.9.1/lto-wrapper -plugin-opt=-fresolution=/tmp/ccfHhcYh.res -plugin-opt=-pass-through=-lgcc_s -plugin-opt=-pass-through=-lgcc -plugin-opt=-pass-through=-lc -plugin-opt=-pass-through=-lgcc_s -plugin-opt=-pass-through=-lgcc --sysroot=/usr/local/oecore-x86_64_orig/sysroots/armv7ahf-vfp-neon-oe-linux-gnueabi --build-id --eh-frame-hdr --hash-style=gnu -export-dynamic -dynamic-linker /lib/ld-linux-armhf.so.3 -X -m armelf_linux_eabi -o cmTryCompileExec3186557512 /usr/local/oecore-x86_64_orig/sysroots/armv7ahf-vfp-neon-oe-linux-gnueabi/usr/lib/crt1.o /usr/local/oecore-x86_64_orig/sysroots/armv7ahf-vfp-neon-oe-linux-gnueabi/usr/lib/crti.o /usr/local/oecore-x86_64_orig/sysroots/armv7ahf-vfp-neon-oe-linux-gnueabi/usr/lib/arm-oe-linux-gnueabi/4.9.1/crtbegin.o -L/usr/local/oecore-x86_64_orig/sysroots/x86_64-oesdk-linux/usr/bin/arm-oe-linux-gnueabi/../../lib/arm-oe-linux-gnueabi/gcc/arm-oe-linux-gnueabi/4.9.1 -L/usr/local/oecore-x86_64_orig/sysroots/x86_64-oesdk-linux/usr/bin/arm-oe-linux-gnueabi/../../lib/arm-oe-linux-gnueabi/gcc -L/usr/local/oecore-x86_64_orig/sysroots/armv7ahf-vfp-neon-oe-linux-gnueabi/lib -L/usr/local/oecore-x86_64_orig/sysroots/armv7ahf-vfp-neon-oe-linux-gnueabi/usr/lib/arm-oe-linux-gnueabi/4.9.1 -L/usr/local/oecore-x86_64_orig/sysroots/armv7ahf-vfp-neon-oe-linux-gnueabi/usr/lib CMakeFiles/cmTryCompileExec3186557512.dir/CMakeCXXCompilerABI.cpp.o -lstdc++ -lm -lgcc_s -lgcc -lc -lgcc_s -lgcc /usr/local/oecore-x86_64_orig/sysroots/armv7ahf-vfp-neon-oe-linux-gnueabi/usr/lib/arm-oe-linux-gnueabi/4.9.1/crtend.o /usr/local/oecore-x86_64_orig/sysroots/armv7ahf-vfp-neon-oe-linux-gnueabi/usr/lib/crtn.o]
    arg [/usr/local/oecore-x86_64_orig/sysroots/x86_64-oesdk-linux/usr/bin/arm-oe-linux-gnueabi/../../libexec/arm-oe-linux-gnueabi/gcc/arm-oe-linux-gnueabi/4.9.1/collect2] ==> ignore
    arg [-plugin] ==> ignore
    arg [/usr/local/oecore-x86_64_orig/sysroots/x86_64-oesdk-linux/usr/bin/arm-oe-linux-gnueabi/../../libexec/arm-oe-linux-gnueabi/gcc/arm-oe-linux-gnueabi/4.9.1/liblto_plugin.so] ==> ignore
    arg [-plugin-opt=/usr/local/oecore-x86_64_orig/sysroots/x86_64-oesdk-linux/usr/bin/arm-oe-linux-gnueabi/../../libexec/arm-oe-linux-gnueabi/gcc/arm-oe-linux-gnueabi/4.9.1/lto-wrapper] ==> ignore
    arg [-plugin-opt=-fresolution=/tmp/ccfHhcYh.res] ==> ignore
    arg [-plugin-opt=-pass-through=-lgcc_s] ==> ignore
    arg [-plugin-opt=-pass-through=-lgcc] ==> ignore
    arg [-plugin-opt=-pass-through=-lc] ==> ignore
    arg [-plugin-opt=-pass-through=-lgcc_s] ==> ignore
    arg [-plugin-opt=-pass-through=-lgcc] ==> ignore
    arg [--sysroot=/usr/local/oecore-x86_64_orig/sysroots/armv7ahf-vfp-neon-oe-linux-gnueabi] ==> ignore
    arg [--build-id] ==> ignore
    arg [--eh-frame-hdr] ==> ignore
    arg [--hash-style=gnu] ==> ignore
    arg [-export-dynamic] ==> ignore
    arg [-dynamic-linker] ==> ignore
    arg [/lib/ld-linux-armhf.so.3] ==> ignore
    arg [-X] ==> ignore
    arg [-m] ==> ignore
    arg [armelf_linux_eabi] ==> ignore
    arg [-o] ==> ignore
    arg [cmTryCompileExec3186557512] ==> ignore
    arg [/usr/local/oecore-x86_64_orig/sysroots/armv7ahf-vfp-neon-oe-linux-gnueabi/usr/lib/crt1.o] ==> ignore
    arg [/usr/local/oecore-x86_64_orig/sysroots/armv7ahf-vfp-neon-oe-linux-gnueabi/usr/lib/crti.o] ==> ignore
    arg [/usr/local/oecore-x86_64_orig/sysroots/armv7ahf-vfp-neon-oe-linux-gnueabi/usr/lib/arm-oe-linux-gnueabi/4.9.1/crtbegin.o] ==> ignore
    arg [-L/usr/local/oecore-x86_64_orig/sysroots/x86_64-oesdk-linux/usr/bin/arm-oe-linux-gnueabi/../../lib/arm-oe-linux-gnueabi/gcc/arm-oe-linux-gnueabi/4.9.1] ==> dir [/usr/local/oecore-x86_64_orig/sysroots/x86_64-oesdk-linux/usr/bin/arm-oe-linux-gnueabi/../../lib/arm-oe-linux-gnueabi/gcc/arm-oe-linux-gnueabi/4.9.1]
    arg [-L/usr/local/oecore-x86_64_orig/sysroots/x86_64-oesdk-linux/usr/bin/arm-oe-linux-gnueabi/../../lib/arm-oe-linux-gnueabi/gcc] ==> dir [/usr/local/oecore-x86_64_orig/sysroots/x86_64-oesdk-linux/usr/bin/arm-oe-linux-gnueabi/../../lib/arm-oe-linux-gnueabi/gcc]
    arg [-L/usr/local/oecore-x86_64_orig/sysroots/armv7ahf-vfp-neon-oe-linux-gnueabi/lib] ==> dir [/usr/local/oecore-x86_64_orig/sysroots/armv7ahf-vfp-neon-oe-linux-gnueabi/lib]
    arg [-L/usr/local/oecore-x86_64_orig/sysroots/armv7ahf-vfp-neon-oe-linux-gnueabi/usr/lib/arm-oe-linux-gnueabi/4.9.1] ==> dir [/usr/local/oecore-x86_64_orig/sysroots/armv7ahf-vfp-neon-oe-linux-gnueabi/usr/lib/arm-oe-linux-gnueabi/4.9.1]
    arg [-L/usr/local/oecore-x86_64_orig/sysroots/armv7ahf-vfp-neon-oe-linux-gnueabi/usr/lib] ==> dir [/usr/local/oecore-x86_64_orig/sysroots/armv7ahf-vfp-neon-oe-linux-gnueabi/usr/lib]
    arg [CMakeFiles/cmTryCompileExec3186557512.dir/CMakeCXXCompilerABI.cpp.o] ==> ignore
    arg [-lstdc++] ==> lib [stdc++]
    arg [-lm] ==> lib [m]
    arg [-lgcc_s] ==> lib [gcc_s]
    arg [-lgcc] ==> lib [gcc]
    arg [-lc] ==> lib [c]
    arg [-lgcc_s] ==> lib [gcc_s]
    arg [-lgcc] ==> lib [gcc]
    arg [/usr/local/oecore-x86_64_orig/sysroots/armv7ahf-vfp-neon-oe-linux-gnueabi/usr/lib/arm-oe-linux-gnueabi/4.9.1/crtend.o] ==> ignore
    arg [/usr/local/oecore-x86_64_orig/sysroots/armv7ahf-vfp-neon-oe-linux-gnueabi/usr/lib/crtn.o] ==> ignore
  remove lib [gcc_s]
  remove lib [gcc]
  remove lib [gcc_s]
  remove lib [gcc]
  collapse library dir [/usr/local/oecore-x86_64_orig/sysroots/x86_64-oesdk-linux/usr/bin/arm-oe-linux-gnueabi/../../lib/arm-oe-linux-gnueabi/gcc/arm-oe-linux-gnueabi/4.9.1] ==> [/usr/local/oecore-x86_64_orig/sysroots/x86_64-oesdk-linux/usr/lib/arm-oe-linux-gnueabi/gcc/arm-oe-linux-gnueabi/4.9.1]
  collapse library dir [/usr/local/oecore-x86_64_orig/sysroots/x86_64-oesdk-linux/usr/bin/arm-oe-linux-gnueabi/../../lib/arm-oe-linux-gnueabi/gcc] ==> [/usr/local/oecore-x86_64_orig/sysroots/x86_64-oesdk-linux/usr/lib/arm-oe-linux-gnueabi/gcc]
  collapse library dir [/usr/local/oecore-x86_64_orig/sysroots/armv7ahf-vfp-neon-oe-linux-gnueabi/lib] ==> [/usr/local/oecore-x86_64_orig/sysroots/armv7ahf-vfp-neon-oe-linux-gnueabi/lib]
  collapse library dir [/usr/local/oecore-x86_64_orig/sysroots/armv7ahf-vfp-neon-oe-linux-gnueabi/usr/lib/arm-oe-linux-gnueabi/4.9.1] ==> [/usr/local/oecore-x86_64_orig/sysroots/armv7ahf-vfp-neon-oe-linux-gnueabi/usr/lib/arm-oe-linux-gnueabi/4.9.1]
  collapse library dir [/usr/local/oecore-x86_64_orig/sysroots/armv7ahf-vfp-neon-oe-linux-gnueabi/usr/lib] ==> [/usr/local/oecore-x86_64_orig/sysroots/armv7ahf-vfp-neon-oe-linux-gnueabi/usr/lib]
  implicit libs: [stdc++;m;c]
  implicit dirs: [/usr/local/oecore-x86_64_orig/sysroots/x86_64-oesdk-linux/usr/lib/arm-oe-linux-gnueabi/gcc/arm-oe-linux-gnueabi/4.9.1;/usr/local/oecore-x86_64_orig/sysroots/x86_64-oesdk-linux/usr/lib/arm-oe-linux-gnueabi/gcc;/usr/local/oecore-x86_64_orig/sysroots/armv7ahf-vfp-neon-oe-linux-gnueabi/lib;/usr/local/oecore-x86_64_orig/sysroots/armv7ahf-vfp-neon-oe-linux-gnueabi/usr/lib/arm-oe-linux-gnueabi/4.9.1;/usr/local/oecore-x86_64_orig/sysroots/armv7ahf-vfp-neon-oe-linux-gnueabi/usr/lib]
  implicit fwks: []


